C51 COMPILER V9.60.7.0   GET_INPUTS                                                        06/09/2023 16:23:26 PAGE 1   


C51 COMPILER V9.60.7.0, COMPILATION OF MODULE GET_INPUTS
OBJECT MODULE PLACED IN .\Objects\get_inputs.obj
COMPILER INVOKED BY: C:\Keil_v5\C51\BIN\C51.EXE get_inputs.c OPTIMIZE(8,SPEED) BROWSE DEBUG OBJECTEXTEND PRINT(.\Listing
                    -s\get_inputs.lst) TABS(2) OBJECT(.\Objects\get_inputs.obj)

line level    source

   1          #include <at89c5131.h>
   2          
   3          sbit p5 = P1^5;
   4          sbit p6 = P1^6;
   5          sbit p7 = P1^7;
   6          sbit p4 = P1^4;
   7          
   8          sbit i0 = P1^0;
   9          sbit i1 = P1^1;
  10          sbit i2 = P1^2;
  11          sbit i3 = P1^3;
  12          
  13          
  14          void msdelay(unsigned int time)
  15          {
  16   1        int i,j;
  17   1        for(i=0;i<time;i++);
  18   1        {
  19   2          for(j=0;j<382;j++);
  20   2        }
  21   1      }
  22          
  23          
  24          void main()
  25          {
  26   1        i0 = i2 = i3 = i1 =  1;
  27   1          while(1)
  28   1          {
  29   2            if(i0 == 1){
  30   3            p4 = 1;
  31   3            }
  32   2            if(i1 == 1){
  33   3            p5 = 1;
  34   3            }
  35   2            if(i2 == 1){
  36   3            p6 = 1;
  37   3            }
  38   2            if(i3 == 1){
  39   3            p7 = 1;
  40   3            }
  41   2              msdelay(500);
  42   2              p4 = p5 = p6 = p7 =  0 ;
  43   2              msdelay(500);
  44   2          }
  45   1      }


MODULE INFORMATION:   STATIC OVERLAYABLE
   CODE SIZE        =     84    ----
   CONSTANT SIZE    =   ----    ----
   XDATA SIZE       =   ----    ----
   PDATA SIZE       =   ----    ----
   DATA SIZE        =   ----    ----
   IDATA SIZE       =   ----    ----
C51 COMPILER V9.60.7.0   GET_INPUTS                                                        06/09/2023 16:23:26 PAGE 2   

   BIT SIZE         =   ----    ----
END OF MODULE INFORMATION.


C51 COMPILATION COMPLETE.  0 WARNING(S),  0 ERROR(S)
