C51 COMPILER V9.60.7.0   LCD                                                               06/09/2023 17:22:36 PAGE 1   


C51 COMPILER V9.60.7.0, COMPILATION OF MODULE LCD
OBJECT MODULE PLACED IN .\Objects\lcd.obj
COMPILER INVOKED BY: C:\Keil_v5\C51\BIN\C51.EXE lcd.c OPTIMIZE(8,SPEED) BROWSE DEBUG OBJECTEXTEND PRINT(.\Listings\lcd.l
                    -st) TABS(2) OBJECT(.\Objects\lcd.obj)

line level    source

   1          #include <at89c5131.h>
   2          #include "lcd.h"
   3          
   4          code unsigned char display_msg1[]="      Pt-51      ";            //Display msg on 1st line of lcd
   5          code unsigned char display_msg2[]="   IIT Bombay    ";            //Display msg on 1st line of lcd
   6          
   7          void main()
   8          {
   9   1        lcd_init();
  10   1        lcd_cmd(0x80);                          //Move cursor to first line
  11   1        lcd_cmd(0x05);
  12   1        lcd_cmd(0x05);
  13   1        lcd_cmd(0x05);
  14   1        lcd_cmd(0x06);
  15   1        lcd_cmd(0x06);
  16   1        lcd_cmd(0x06);
  17   1        msdelay(500);
  18   1        lcd_write_string(display_msg1);
  19   1        lcd_cmd(0xc0);                          //Move cursor to 2nd line of LCD
  20   1        lcd_cmd(0x06);
  21   1        lcd_cmd(0x06);
  22   1        lcd_cmd(0x06);
  23   1        //lcd_cmd(0x12);
  24   1        msdelay(500);
  25   1        lcd_write_string(display_msg2);
  26   1        while(1);
  27   1      }


MODULE INFORMATION:   STATIC OVERLAYABLE
   CODE SIZE        =    251    ----
   CONSTANT SIZE    =     36    ----
   XDATA SIZE       =   ----    ----
   PDATA SIZE       =   ----    ----
   DATA SIZE        =   ----       3
   IDATA SIZE       =   ----    ----
   BIT SIZE         =   ----    ----
END OF MODULE INFORMATION.


C51 COMPILATION COMPLETE.  0 WARNING(S),  0 ERROR(S)
