C51 COMPILER V9.60.7.0   PS7_2                                                             06/14/2023 16:52:03 PAGE 1   


C51 COMPILER V9.60.7.0, COMPILATION OF MODULE PS7_2
OBJECT MODULE PLACED IN .\Objects\ps7_2.obj
COMPILER INVOKED BY: C:\Keil_v5\C51\BIN\C51.EXE ps7_2.c OPTIMIZE(8,SPEED) BROWSE DEBUG OBJECTEXTEND PRINT(.\Listings\ps7
                    -_2.lst) TABS(2) OBJECT(.\Objects\ps7_2.obj)

line level    source

   1          #include <at89c5131.h>
   2          
   3          sbit pin1= P1^6;
   4          sbit pin2 = P2^7;
   5          
   6          void timer0I() interrupt 1  
   7          {
   8   1        pin1 = ~pin1; 
   9   1        TH0 = 0xF8;   
  10   1        TL0 = 0x30;  
  11   1      } 
  12          
  13          
  14          void timer1I() interrupt 3
  15          {
  16   1        pin2 = ~pin2;     
  17   1        TH1 = 0xF4;   
  18   1        TL1 = 0x48;   
  19   1      }
  20          
  21          
  22          int main(void)
  23          {
  24   1      
  25   1        // Enable Interupts
  26   1        EA  = 1;
  27   1        
  28   1        // Enable Interupts for Timer
  29   1        ET0 = 1;
  30   1        ET1 = 1;
  31   1        
  32   1        // Timer Mode
  33   1        TMOD = 0x11;
  34   1        
  35   1        // Timer 0 time
  36   1        TH0 = 0xF8;   
  37   1        TL0 = 0x30;
  38   1        
  39   1        // Timer 1 Timer
  40   1        TH1 = 0xF4;   
  41   1        TL1 = 0x48; 
  42   1        
  43   1        // Start timer 0
  44   1        TR0 = 1;
  45   1        
  46   1        // Start timer 1
  47   1        TR1 = 1;
  48   1        
  49   1        while(1);
  50   1        
  51   1      }


MODULE INFORMATION:   STATIC OVERLAYABLE
C51 COMPILER V9.60.7.0   PS7_2                                                             06/14/2023 16:52:03 PAGE 2   

   CODE SIZE        =     45    ----
   CONSTANT SIZE    =   ----    ----
   XDATA SIZE       =   ----    ----
   PDATA SIZE       =   ----    ----
   DATA SIZE        =   ----    ----
   IDATA SIZE       =   ----    ----
   BIT SIZE         =   ----    ----
END OF MODULE INFORMATION.


C51 COMPILATION COMPLETE.  0 WARNING(S),  0 ERROR(S)
