C51 COMPILER V9.60.7.0   STEVEN                                                            06/16/2023 15:08:28 PAGE 1   


C51 COMPILER V9.60.7.0, COMPILATION OF MODULE STEVEN
OBJECT MODULE PLACED IN .\Objects\steven.obj
COMPILER INVOKED BY: C:\Keil_v5\C51\BIN\C51.EXE steven.c OPTIMIZE(8,SPEED) BROWSE DEBUG OBJECTEXTEND PRINT(.\Listings\st
                    -even.lst) TABS(2) OBJECT(.\Objects\steven.obj)

line level    source

   1          #include <at89c5131.h>
   2          
   3          long unsigned int x = 14571;
   4          long unsigned int y = 8636;
   5          
   6          long unsigned int x1 = 0;
   7          long unsigned int x0 = 0;
   8          long unsigned int y1 = 0;
   9          long unsigned int y0 = 0;
  10          long unsigned int z0 = 0;
  11          long unsigned int z1 = 0;
  12          long unsigned int z2 = 0;
  13          long unsigned int z3 = 0;
  14          long unsigned int z =  0;
  15          
  16          long unsigned int stevenAlgo(unsigned int x , unsigned int y){
  17   1      long unsigned int x1 = x/10;
  18   1      long unsigned int x0 = x%10;
  19   1      long unsigned int y1 = y/10;
  20   1      long unsigned int y0 = y%10;
  21   1      long unsigned int z0 = x0*y0;
  22   1      long unsigned int z1 = x0*y1;
  23   1      long unsigned int z2 = x1*y0;
  24   1      long unsigned int z3 = x1*y1;
  25   1      long unsigned int z = z0 + (z1 + z2)*10 + z3*100;
  26   1      return z;
  27   1      }
  28          
  29          void main(){
  30   1        
  31   1        // Timer Mode
  32   1        TMOD = 0x01;
  33   1        
  34   1        TH0 = 0;
  35   1        TL0 = 0;
  36   1        
  37   1        // Start timer 0
  38   1        TR0 = 1;
  39   1        //stevenAlgo(14571, 8636);
  40   1        x1 = x/10;
  41   1        x0 = x%10;
  42   1        y1 = y/10;
  43   1        y0 = y%10;
  44   1        z0 = x0*y0;
  45   1        z1 = x0*y1;
  46   1        z2 = x1*y0;
  47   1        z3 = x1*y1;
  48   1        z = z0 + (z1 + z2)*10 + z3*100;
  49   1        TR0 = 0;
  50   1        while(1);
  51   1      }


MODULE INFORMATION:   STATIC OVERLAYABLE
C51 COMPILER V9.60.7.0   STEVEN                                                            06/16/2023 15:08:28 PAGE 2   

   CODE SIZE        =    607    ----
   CONSTANT SIZE    =   ----    ----
   XDATA SIZE       =   ----    ----
   PDATA SIZE       =   ----    ----
   DATA SIZE        =     44      34
   IDATA SIZE       =   ----    ----
   BIT SIZE         =   ----    ----
END OF MODULE INFORMATION.


C51 COMPILATION COMPLETE.  0 WARNING(S),  0 ERROR(S)
